#0 building with "default" instance using docker driver

#1 [ros_noetic_92_development internal] load build definition from Dockerfile
#1 transferring dockerfile: 6.57kB done
#1 DONE 0.0s

#2 [ros_noetic_92_development internal] load metadata for registry.gitlab.com/certh-iti-robotics-lab/robetarme/robetarme/ros-noetic:base
#2 ...

#3 [ros_noetic_92_development auth] certh-iti-robotics-lab/robetarme/robetarme/ros-noetic:pull token for registry.gitlab.com
#3 DONE 0.0s

#2 [ros_noetic_92_development internal] load metadata for registry.gitlab.com/certh-iti-robotics-lab/robetarme/robetarme/ros-noetic:base
#2 DONE 1.0s

#4 [ros_noetic_92_development internal] load .dockerignore
#4 transferring context: 2B done
#4 DONE 0.0s

#5 [ros_noetic_92_development  1/27] FROM registry.gitlab.com/certh-iti-robotics-lab/robetarme/robetarme/ros-noetic:base@sha256:b632c0a3ed4d4406a14cf4cd7879f1f0f24ad46576d3664e8837eb64db142f1c
#5 resolve registry.gitlab.com/certh-iti-robotics-lab/robetarme/robetarme/ros-noetic:base@sha256:b632c0a3ed4d4406a14cf4cd7879f1f0f24ad46576d3664e8837eb64db142f1c done
#5 DONE 0.0s

#6 [ros_noetic_92_development internal] load build context
#6 transferring context: 4.29MB 0.0s done
#6 DONE 0.0s

#7 [ros_noetic_92_development  2/27] RUN apt update --fix-missing && apt upgrade -y && apt clean
#7 CACHED

#8 [ros_noetic_92_development  3/27] RUN apt install -y     git     python3     openssh-client     net-tools     build-essential     cmake     wget     bash-completion     silversearcher-ag     apt-transport-https     less     alsa-utils     libcgal-dev     python3-pip     python-is-python3     python3-tk
#8 CACHED

#9 [ros_noetic_92_development  4/27] COPY ./scripts/setupControlLasaEnv.sh /run/setupControlLasaEnv.sh
#9 CACHED

#10 [ros_noetic_92_development  5/27] RUN chmod +x /run/setupControlLasaEnv.sh
#10 CACHED

#11 [ros_noetic_92_development  7/27] RUN pip install --upgrade pip
#11 CACHED

#12 [ros_noetic_92_development  6/27] RUN ./run/setupControlLasaEnv.sh
#12 CACHED

#13 [ros_noetic_92_development  8/27] RUN pip3 install --upgrade pip
#13 CACHED

#14 [ros_noetic_92_development  9/27] RUN pip3 install     matplotlib     transforms3d     statsmodels     opencv-python     numpy     pandas     opencv-contrib-python     "pybind11[global]"
#14 0.369 Requirement already satisfied: matplotlib in /usr/lib/python3/dist-packages (3.1.2)
#14 0.424 Collecting transforms3d
#14 0.503   Downloading transforms3d-0.4.1-py3-none-any.whl.metadata (2.8 kB)
#14 0.566 Collecting statsmodels
#14 0.579   Downloading statsmodels-0.14.1-cp38-cp38-manylinux_2_17_x86_64.manylinux2014_x86_64.whl.metadata (9.5 kB)
#14 0.646 Collecting opencv-python
#14 0.656   Downloading opencv_python-4.9.0.80-cp37-abi3-manylinux_2_17_x86_64.manylinux2014_x86_64.whl.metadata (20 kB)
#14 0.662 Requirement already satisfied: numpy in /usr/lib/python3/dist-packages (1.17.4)
#14 0.733 Collecting pandas
#14 0.744   Downloading pandas-2.0.3-cp38-cp38-manylinux_2_17_x86_64.manylinux2014_x86_64.whl.metadata (18 kB)
#14 0.797 Collecting opencv-contrib-python
#14 0.809   Downloading opencv_contrib_python-4.9.0.80-cp37-abi3-manylinux_2_17_x86_64.manylinux2014_x86_64.whl.metadata (20 kB)
#14 0.838 Collecting pybind11[global]
#14 0.848   Downloading pybind11-2.12.0-py3-none-any.whl.metadata (9.5 kB)
#14 0.964 Collecting numpy
#14 0.974   Downloading numpy-1.24.4-cp38-cp38-manylinux_2_17_x86_64.manylinux2014_x86_64.whl.metadata (5.6 kB)
#14 1.042 Collecting scipy!=1.9.2,>=1.4 (from statsmodels)
#14 1.053   Downloading scipy-1.10.1-cp38-cp38-manylinux_2_17_x86_64.manylinux2014_x86_64.whl.metadata (58 kB)
#14 1.065      ━━━━━━━━━━━━━━━━━━━━━━━━━━━━━━━━━━━━━━━━ 58.9/58.9 kB 4.7 MB/s eta 0:00:00
#14 1.091 Collecting patsy>=0.5.4 (from statsmodels)
#14 1.102   Downloading patsy-0.5.6-py2.py3-none-any.whl.metadata (3.5 kB)
#14 1.136 Collecting packaging>=21.3 (from statsmodels)
#14 1.146   Downloading packaging-24.0-py3-none-any.whl.metadata (3.2 kB)
#14 1.213 Collecting python-dateutil>=2.8.2 (from pandas)
#14 1.223   Downloading python_dateutil-2.9.0.post0-py2.py3-none-any.whl.metadata (8.4 kB)
#14 1.264 Collecting pytz>=2020.1 (from pandas)
#14 1.274   Downloading pytz-2024.1-py2.py3-none-any.whl.metadata (22 kB)
#14 1.297 Collecting tzdata>=2022.1 (from pandas)
#14 1.308   Downloading tzdata-2024.1-py2.py3-none-any.whl.metadata (1.4 kB)
#14 1.363 Collecting pybind11-global==2.12.0 (from pybind11[global])
#14 1.375   Downloading pybind11_global-2.12.0-py3-none-any.whl.metadata (9.4 kB)
#14 1.385 Requirement already satisfied: six in /usr/lib/python3/dist-packages (from patsy>=0.5.4->statsmodels) (1.14.0)
#14 1.434 Downloading transforms3d-0.4.1-py3-none-any.whl (1.4 MB)
#14 1.499    ━━━━━━━━━━━━━━━━━━━━━━━━━━━━━━━━━━━━━━━━ 1.4/1.4 MB 21.8 MB/s eta 0:00:00
#14 1.516 Downloading statsmodels-0.14.1-cp38-cp38-manylinux_2_17_x86_64.manylinux2014_x86_64.whl (10.9 MB)
#14 1.648    ━━━━━━━━━━━━━━━━━━━━━━━━━━━━━━━━━━━━━━━━ 10.9/10.9 MB 80.5 MB/s eta 0:00:00
#14 1.663 Downloading opencv_python-4.9.0.80-cp37-abi3-manylinux_2_17_x86_64.manylinux2014_x86_64.whl (62.2 MB)
#14 2.584    ━━━━━━━━━━━━━━━━━━━━━━━━━━━━━━━━━━━━━━━━ 62.2/62.2 MB 50.0 MB/s eta 0:00:00
#14 2.598 Downloading numpy-1.24.4-cp38-cp38-manylinux_2_17_x86_64.manylinux2014_x86_64.whl (17.3 MB)
#14 2.869    ━━━━━━━━━━━━━━━━━━━━━━━━━━━━━━━━━━━━━━━━ 17.3/17.3 MB 56.1 MB/s eta 0:00:00
#14 2.883 Downloading pandas-2.0.3-cp38-cp38-manylinux_2_17_x86_64.manylinux2014_x86_64.whl (12.4 MB)
#14 3.056    ━━━━━━━━━━━━━━━━━━━━━━━━━━━━━━━━━━━━━━━━ 12.4/12.4 MB 69.5 MB/s eta 0:00:00
#14 3.067 Downloading opencv_contrib_python-4.9.0.80-cp37-abi3-manylinux_2_17_x86_64.manylinux2014_x86_64.whl (68.3 MB)
#14 4.177    ━━━━━━━━━━━━━━━━━━━━━━━━━━━━━━━━━━━━━━━━ 68.3/68.3 MB 44.2 MB/s eta 0:00:00
#14 4.189 Downloading pybind11_global-2.12.0-py3-none-any.whl (425 kB)
#14 4.196    ━━━━━━━━━━━━━━━━━━━━━━━━━━━━━━━━━━━━━━━━ 425.7/425.7 kB 67.0 MB/s eta 0:00:00
#14 4.206 Downloading packaging-24.0-py3-none-any.whl (53 kB)
#14 4.209    ━━━━━━━━━━━━━━━━━━━━━━━━━━━━━━━━━━━━━━━━ 53.5/53.5 kB 23.2 MB/s eta 0:00:00
#14 4.222 Downloading patsy-0.5.6-py2.py3-none-any.whl (233 kB)
#14 4.227    ━━━━━━━━━━━━━━━━━━━━━━━━━━━━━━━━━━━━━━━━ 233.9/233.9 kB 60.1 MB/s eta 0:00:00
#14 4.239 Downloading python_dateutil-2.9.0.post0-py2.py3-none-any.whl (229 kB)
#14 4.246    ━━━━━━━━━━━━━━━━━━━━━━━━━━━━━━━━━━━━━━━━ 229.9/229.9 kB 52.1 MB/s eta 0:00:00
#14 4.259 Downloading pytz-2024.1-py2.py3-none-any.whl (505 kB)
#14 4.270    ━━━━━━━━━━━━━━━━━━━━━━━━━━━━━━━━━━━━━━━━ 505.5/505.5 kB 62.2 MB/s eta 0:00:00
#14 4.285 Downloading scipy-1.10.1-cp38-cp38-manylinux_2_17_x86_64.manylinux2014_x86_64.whl (34.5 MB)
#14 4.868    ━━━━━━━━━━━━━━━━━━━━━━━━━━━━━━━━━━━━━━━━ 34.5/34.5 MB 50.5 MB/s eta 0:00:00
#14 4.880 Downloading tzdata-2024.1-py2.py3-none-any.whl (345 kB)
#14 4.886    ━━━━━━━━━━━━━━━━━━━━━━━━━━━━━━━━━━━━━━━━ 345.4/345.4 kB 71.3 MB/s eta 0:00:00
#14 4.900 Downloading pybind11-2.12.0-py3-none-any.whl (234 kB)
#14 4.905    ━━━━━━━━━━━━━━━━━━━━━━━━━━━━━━━━━━━━━━━━ 235.0/235.0 kB 66.3 MB/s eta 0:00:00
#14 5.158 Installing collected packages: pytz, tzdata, transforms3d, python-dateutil, pybind11-global, pybind11, packaging, numpy, scipy, patsy, pandas, opencv-python, opencv-contrib-python, statsmodels
#14 5.265   Attempting uninstall: python-dateutil
#14 5.266     Found existing installation: python-dateutil 2.7.3
#14 5.266     Uninstalling python-dateutil-2.7.3:
#14 5.301       Successfully uninstalled python-dateutil-2.7.3
#14 5.353   Attempting uninstall: numpy
#14 5.353     Found existing installation: numpy 1.17.4
#14 5.354     Uninstalling numpy-1.17.4:
#14 5.475       Successfully uninstalled numpy-1.17.4
#14 CANCELED
canceled
