Not searching for unused variables given on the command line.
[36m--[0m The C compiler identification is GNU 9.4.0
[36m--[0m The CXX compiler identification is GNU 9.4.0
[36m--[0m Check for working C compiler: /usr/bin/cc
[36m--[0m Check for working C compiler: /usr/bin/cc -- works
[36m--[0m Detecting C compiler ABI info
[36m--[0m Detecting C compiler ABI info - done
[36m--[0m Detecting C compile features
[36m--[0m Detecting C compile features - done
[36m--[0m Check for working CXX compiler: /usr/bin/c++
[36m--[0m Check for working CXX compiler: /usr/bin/c++ -- works
[36m--[0m Detecting CXX compiler ABI info
[36m--[0m Detecting CXX compiler ABI info - done
[36m--[0m Detecting CXX compile features
[36m--[0m Detecting CXX compile features - done
[36m--[0m Using CATKIN_DEVEL_PREFIX: /home/bonato/Documents/robetarme-deliverables-wp5/devel/.private/wp5_tools
[36m--[0m Using CMAKE_PREFIX_PATH: /home/bonato/Documents/robetarme-deliverables-wp5/devel;/opt/ros/noetic
[36m--[0m This workspace overlays: /home/bonato/Documents/robetarme-deliverables-wp5/devel;/opt/ros/noetic
[36m--[0m Found PythonInterp: /usr/bin/python3 (found suitable version "3.8.10", minimum required is "3")
[36m--[0m Using PYTHON_EXECUTABLE: /usr/bin/python3
[36m--[0m Using Debian Python package layout
[36m--[0m Found PY_em: /usr/lib/python3/dist-packages/em.py
[36m--[0m Using empy: /usr/lib/python3/dist-packages/em.py
[36m--[0m Using CATKIN_ENABLE_TESTING: ON
[36m--[0m Call enable_testing()
[36m--[0m Using CATKIN_TEST_RESULTS_DIR: /home/bonato/Documents/robetarme-deliverables-wp5/build/wp5_tools/test_results
[36m--[0m Forcing gtest/gmock from source, though one was otherwise available.
[36m--[0m Found gtest sources under '/usr/src/googletest': gtests will be built
[36m--[0m Found gmock sources under '/usr/src/googletest': gmock will be built
[36m--[0m Found PythonInterp: /usr/bin/python3 (found version "3.8.10")
[36m--[0m Found Threads: TRUE
[36m--[0m Using Python nosetests: /usr/bin/nosetests3
[36m--[0m catkin 0.8.10
[36m--[0m BUILD_SHARED_LIBS is on
[31m[1mCMake Error[0m at /home/bonato/Documents/robetarme-deliverables-wp5/src/wp5-tools/CMakeLists.txt:18 (find_package):
  Could not find a configuration file for package "Eigen3" that is compatible
  with requested version "3.4".

  The following configuration files were considered but not accepted:

    /usr/lib/cmake/eigen3/Eigen3Config.cmake, version: 3.3.7
    /lib/cmake/eigen3/Eigen3Config.cmake, version: 3.3.7



[36m--[0m Configuring incomplete, errors occurred!
See also "/home/bonato/Documents/robetarme-deliverables-wp5/build/wp5_tools/CMakeFiles/CMakeOutput.log".
See also "/home/bonato/Documents/robetarme-deliverables-wp5/build/wp5_tools/CMakeFiles/CMakeError.log".
