[  0%] Built target nav_msgs_generate_messages_eus
[  0%] Built target _boustrophedon_msgs_generate_messages_check_deps_ConvertPlanToPath
[  0%] Built target _boustrophedon_msgs_generate_messages_check_deps_PlanMowingPathFeedback
[  0%] Built target _boustrophedon_msgs_generate_messages_check_deps_PlanMowingPathActionResult
[  0%] Built target _boustrophedon_msgs_generate_messages_check_deps_PlanMowingPathGoal
[  0%] Built target _boustrophedon_msgs_generate_messages_check_deps_PlanMowingPathActionGoal
[  0%] Built target _boustrophedon_msgs_generate_messages_check_deps_PlanMowingPathAction
[  0%] Built target std_msgs_generate_messages_eus
[  0%] Built target actionlib_msgs_generate_messages_eus
[  0%] Built target _boustrophedon_msgs_generate_messages_check_deps_PlanMowingPathActionFeedback
[  0%] Built target geometry_msgs_generate_messages_eus
[  0%] Built target _boustrophedon_msgs_generate_messages_check_deps_StripingPoint
[  0%] Built target _boustrophedon_msgs_generate_messages_check_deps_PlanMowingPathResult
[  0%] Built target actionlib_msgs_generate_messages_py
[  0%] Built target std_msgs_generate_messages_py
[  0%] Built target geometry_msgs_generate_messages_py
[  0%] Built target _boustrophedon_msgs_generate_messages_check_deps_StripingPlan
[  0%] Built target nav_msgs_generate_messages_py
[  0%] Built target nav_msgs_generate_messages_nodejs
[  0%] Built target geometry_msgs_generate_messages_nodejs
[  0%] Built target actionlib_msgs_generate_messages_nodejs
[  0%] Built target std_msgs_generate_messages_nodejs
[  0%] Built target actionlib_msgs_generate_messages_lisp
[  0%] Built target std_msgs_generate_messages_lisp
[  0%] Built target geometry_msgs_generate_messages_lisp
[  0%] Built target actionlib_msgs_generate_messages_cpp
[  0%] Built target nav_msgs_generate_messages_lisp
[  0%] Built target std_msgs_generate_messages_cpp
[  0%] Built target geometry_msgs_generate_messages_cpp
[  0%] Built target nav_msgs_generate_messages_cpp
[  1%] [34m[1mGenerating Python from MSG boustrophedon_msgs/StripingPoint[0m
[  3%] [34m[1mGenerating EusLisp code from boustrophedon_msgs/StripingPoint.msg[0m
[  5%] [34m[1mGenerating Javascript code from boustrophedon_msgs/StripingPoint.msg[0m
[  7%] [34m[1mGenerating Lisp code from boustrophedon_msgs/StripingPoint.msg[0m
[  9%] [34m[1mGenerating Lisp code from boustrophedon_msgs/StripingPlan.msg[0m
[ 11%] [34m[1mGenerating Javascript code from boustrophedon_msgs/StripingPlan.msg[0m
[ 13%] [34m[1mGenerating EusLisp code from boustrophedon_msgs/StripingPlan.msg[0m
[ 15%] [34m[1mGenerating Javascript code from boustrophedon_msgs/PlanMowingPathAction.msg[0m
[ 16%] [34m[1mGenerating Lisp code from boustrophedon_msgs/PlanMowingPathAction.msg[0m
[ 18%] [34m[1mGenerating Lisp code from boustrophedon_msgs/PlanMowingPathActionGoal.msg[0m
[ 20%] [34m[1mGenerating EusLisp code from boustrophedon_msgs/PlanMowingPathAction.msg[0m
[ 22%] [34m[1mGenerating Python from MSG boustrophedon_msgs/StripingPlan[0m
[ 24%] [34m[1mGenerating Javascript code from boustrophedon_msgs/PlanMowingPathActionGoal.msg[0m
[ 26%] [34m[1mGenerating Javascript code from boustrophedon_msgs/PlanMowingPathActionResult.msg[0m
[ 28%] [34m[1mGenerating Lisp code from boustrophedon_msgs/PlanMowingPathActionResult.msg[0m
[ 30%] [34m[1mGenerating EusLisp code from boustrophedon_msgs/PlanMowingPathActionGoal.msg[0m
[ 32%] [34m[1mGenerating Javascript code from boustrophedon_msgs/PlanMowingPathActionFeedback.msg[0m
[ 33%] [34m[1mGenerating Lisp code from boustrophedon_msgs/PlanMowingPathActionFeedback.msg[0m
[ 35%] [34m[1mGenerating Javascript code from boustrophedon_msgs/PlanMowingPathGoal.msg[0m
[ 37%] [34m[1mGenerating Python from MSG boustrophedon_msgs/PlanMowingPathAction[0m
[ 39%] [34m[1mGenerating EusLisp code from boustrophedon_msgs/PlanMowingPathActionResult.msg[0m
[ 41%] [34m[1mGenerating Javascript code from boustrophedon_msgs/PlanMowingPathResult.msg[0m
